<?xml version="1.0" encoding="UTF-8"?>
<testsuite name="Search for offer" tests="3" skipped="0" failures="0" errors="0" timestamp="2021-11-25T00:00:37" hostname="CHMEPPF1JVKUB" time="59.587">
  <properties/>
  <testcase name="Sophos jobs platform" classname="Search for offer" time="21.944"/>
  <testcase name="Sophos jobs platform" classname="Search for offer" time="17.903"/>
  <testcase name="Sophos jobs platform" classname="Search for offer" time="19.731"/>
  <system-out><![CDATA[Oferta	1:
Desarrollador Java AWS
Nombre de la oferta:
5 octubre, 2020
Fecha de la publicaciÃ³n:
Desarrollador Java AWS 3 años de experiencia participado en roles de desarrollo en Java, Angular, JavaScript, Spring Boot, Bootstrap, Maqueteo. Con experiencia en desarrollo de componentes AWS y versionamiento con…


Oferta	2:
Líder Técnico Java
Nombre de la oferta:
5 octubre, 2020
Fecha de la publicaciÃ³n:
Líder Técnico Java Profesional en Ingeniería de sistemas o carreas a fines con experiencia mínima de 5 años en desarrollo Java, Pl/sql, liderando equipo de trabajo, trabajo bajo metodología ágiles,…


Oferta	3:
Desarrollador Java PL/SQL
Nombre de la oferta:
5 octubre, 2020
Fecha de la publicaciÃ³n:
Desarrollador Java PL/SQL Profesional en Ingeniería de sistemas o carreras a fines con experiencia mínima de 2 años en desarrollo Java, Pl/sql. Experiencia en weblogic, servicios REST y SOAP, hibernate,…


Oferta	4:
Desarrollador Java con Sprint y Sprintboot
Nombre de la oferta:
5 octubre, 2020
Fecha de la publicaciÃ³n:
Desarrollador Java con Sprint y Sprintboot Conocimientos en POO (Programación Orientada a Objetos) – Conocimientos básicos en diagramas UML. – API’s – Base de datos: Posgresql, mysql – IDE de…


Oferta	5:
Desarrollador Java Bilingue
Nombre de la oferta:
17 julio, 2020
Fecha de la publicaciÃ³n:
Adjunta tu hoja de vida Tu nombre * Tu correo electrónico * Tu mensaje Para mas informacion comunicate a: erika.caicedo@sophossolutions.com…


Oferta	6:
Desarrollador Java
Nombre de la oferta:
17 julio, 2020
Fecha de la publicaciÃ³n:
Adjunta tu hoja de vida Tu nombre * Tu correo electrónico * Tu mensaje Para mas informacion comunicate a: erika.caicedo@sophossolutions.com…


Oferta	7:
Desarrolladores Backend
Nombre de la oferta:
5 octubre, 2020
Fecha de la publicaciÃ³n:
Desarrolladores Backend Profesional en Ingeniería de sistemas o afines con experiencia en desarrollo Java.Conocimientos en Java, JEE, Oracle. Soportando los despliegues mediante contenedores (Docker/Kubernetes) e infraestructura de nube (AWS/Azure)Conocimiento en…


Oferta	8:
Desarrollador FullStack
Nombre de la oferta:
5 octubre, 2020
Fecha de la publicaciÃ³n:
Desarrollador FullStack Profesional en Ingeniería de Sistemas o afines, con experiencia en desarrollo de aplicaciones web en (Angular/React/Vue/JavaScript), y microservicios (SOAP/REST) en Java (Spring Boot), Node.js (Express.js), soportando los despliegues…


Oferta	1:
Desarrollador Backend
Nombre de la oferta:
5 octubre, 2020
Fecha de la publicaciÃ³n:
…Redacción y utilización de servicios API RESTful y en ajuste del desempeño de aplicaciones de gran escala. Sistemas de bases de datos relacionales SQL y NoSQL (MySQL, MongoDB, etc). Preparación…


Parece que no podemos encontrar lo que estás buscando.
]]></system-out>
  <system-err><![CDATA[[Test worker] WARN net.thucydides.core.steps.BaseStepListener - stepStarted: net.thucydides.core.steps.ExecutedStepDescription@391d78be
[Test worker] WARN net.thucydides.core.steps.BaseStepListener - stepStarted: net.thucydides.core.steps.ExecutedStepDescription@2711c09b
[Test worker] WARN net.thucydides.core.steps.BaseStepListener - stepStarted: net.thucydides.core.steps.ExecutedStepDescription@69ef6514
nov 24, 2021 7:00:37 PM org.openqa.selenium.remote.DesiredCapabilities chrome
INFORMACIÓN: Using `new ChromeOptions()` is preferred to `DesiredCapabilities.chrome()`
[Test worker] INFO net.serenitybdd.core.webdriver.driverproviders.ProvideNewDriver - Instantiating driver
[Test worker] INFO net.serenitybdd.core.webdriver.driverproviders.ProvideNewDriver - Driver capabilities: Capabilities {acceptInsecureCerts: false, browserName: chrome, chrome.switches: --start-maximized, goog:chromeOptions: {args: [--start-maximized], extensions: []}, loggingPrefs: org.openqa.selenium.logging..., platform: ANY, version: }
Starting ChromeDriver 95.0.4638.54 (d31a821ec901f68d0d34ccdbaea45b4c86ce543e-refs/branch-heads/4638@{#871}) on port 22935
Only local connections are allowed.
Please see https://chromedriver.chromium.org/security-considerations for suggestions on keeping ChromeDriver safe.
ChromeDriver was started successfully.
[1637798442.584][WARNING]: This version of ChromeDriver has not been tested with Chrome version 96.
nov 24, 2021 7:00:42 PM org.openqa.selenium.remote.ProtocolHandshake createSession
INFORMACIÓN: Detected dialect: W3C
[Test worker] WARN net.thucydides.core.steps.BaseStepListener - stepFinished: current outcome:Sophos jobs platform:Example: {type=Java} [Given Maria wants to know about the job offers on the Sophos page [Maria open up page [Maria opens the Sophos open up page]]]
[Test worker] WARN net.thucydides.core.steps.BaseStepListener - stepFinished: current outcome:Sophos jobs platform:Example: {type=Java} [Given Maria wants to know about the job offers on the Sophos page [Maria open up page [Maria opens the Sophos open up page]]]
[Test worker] WARN net.thucydides.core.steps.BaseStepListener - stepStarted: net.thucydides.core.steps.ExecutedStepDescription@32948a02
[Test worker] WARN net.thucydides.core.steps.BaseStepListener - stepStarted: net.thucydides.core.steps.ExecutedStepDescription@68f5b9ec
[Test worker] WARN net.thucydides.core.steps.BaseStepListener - stepFinished: current outcome:Sophos jobs platform:Example: {type=Java} [Given Maria wants to know about the job offers on the Sophos page [Maria open up page [Maria opens the Sophos open up page], Maria work with us button [Maria clicks on Popup]]]
[Test worker] WARN net.thucydides.core.steps.BaseStepListener - stepStarted: net.thucydides.core.steps.ExecutedStepDescription@64a0577f
[Test worker] WARN net.thucydides.core.steps.BaseStepListener - stepFinished: current outcome:Sophos jobs platform:Example: {type=Java} [Given Maria wants to know about the job offers on the Sophos page [Maria open up page [Maria opens the Sophos open up page], Maria work with us button [Maria clicks on Popup, Maria clicks on The button Work with us]]]
[Test worker] WARN net.thucydides.core.steps.BaseStepListener - stepFinished: current outcome:Sophos jobs platform:Example: {type=Java} [Given Maria wants to know about the job offers on the Sophos page [Maria open up page [Maria opens the Sophos open up page], Maria work with us button [Maria clicks on Popup, Maria clicks on The button Work with us]]]
[Test worker] WARN net.thucydides.core.steps.BaseStepListener - stepFinished: current outcome:Sophos jobs platform:Example: {type=Java} [Given Maria wants to know about the job offers on the Sophos page [Maria open up page [Maria opens the Sophos open up page], Maria work with us button [Maria clicks on Popup, Maria clicks on The button Work with us]]]
[Test worker] WARN net.thucydides.core.steps.BaseStepListener - stepStarted: net.thucydides.core.steps.ExecutedStepDescription@1fb1359e
[Test worker] WARN net.thucydides.core.steps.BaseStepListener - stepStarted: net.thucydides.core.steps.ExecutedStepDescription@3edd9dd1
[Test worker] WARN net.thucydides.core.steps.BaseStepListener - stepStarted: net.thucydides.core.steps.ExecutedStepDescription@311ee7b0
[Test worker] WARN net.thucydides.core.steps.BaseStepListener - stepFinished: current outcome:Sophos jobs platform:Example: {type=Java} [Given Maria wants to know about the job offers on the Sophos page [Maria open up page [Maria opens the Sophos open up page], Maria work with us button [Maria clicks on Popup, Maria clicks on The button Work with us]], When she search for available offers of Java [Maria search [Maria enters 'Java' into The button Search]]]
[Test worker] WARN net.thucydides.core.steps.BaseStepListener - stepStarted: net.thucydides.core.steps.ExecutedStepDescription@6fe97712
[Test worker] WARN net.thucydides.core.steps.BaseStepListener - stepFinished: current outcome:Sophos jobs platform:Example: {type=Java} [Given Maria wants to know about the job offers on the Sophos page [Maria open up page [Maria opens the Sophos open up page], Maria work with us button [Maria clicks on Popup, Maria clicks on The button Work with us]], When she search for available offers of Java [Maria search [Maria enters 'Java' into The button Search, Maria types 'ENTER' in The button Search]]]
[Test worker] WARN net.thucydides.core.steps.BaseStepListener - stepFinished: current outcome:Sophos jobs platform:Example: {type=Java} [Given Maria wants to know about the job offers on the Sophos page [Maria open up page [Maria opens the Sophos open up page], Maria work with us button [Maria clicks on Popup, Maria clicks on The button Work with us]], When she search for available offers of Java [Maria search [Maria enters 'Java' into The button Search, Maria types 'ENTER' in The button Search]]]
[Test worker] WARN net.thucydides.core.steps.BaseStepListener - stepFinished: current outcome:Sophos jobs platform:Example: {type=Java} [Given Maria wants to know about the job offers on the Sophos page [Maria open up page [Maria opens the Sophos open up page], Maria work with us button [Maria clicks on Popup, Maria clicks on The button Work with us]], When she search for available offers of Java [Maria search [Maria enters 'Java' into The button Search, Maria types 'ENTER' in The button Search]]]
[Test worker] WARN net.thucydides.core.steps.BaseStepListener - stepStarted: net.thucydides.core.steps.ExecutedStepDescription@51be0f38
[Test worker] WARN net.thucydides.core.steps.BaseStepListener - stepStarted: net.thucydides.core.steps.ExecutedStepDescription@6c56d908
[Test worker] WARN net.thucydides.core.steps.BaseStepListener - stepFinished: current outcome:Sophos jobs platform:Example: {type=Java} [Given Maria wants to know about the job offers on the Sophos page [Maria open up page [Maria opens the Sophos open up page], Maria work with us button [Maria clicks on Popup, Maria clicks on The button Work with us]], When she search for available offers of Java [Maria search [Maria enters 'Java' into The button Search, Maria types 'ENTER' in The button Search]], Then print the offers available [Then answer]]
[Test worker] WARN net.thucydides.core.steps.BaseStepListener - stepFinished: current outcome:Sophos jobs platform:Example: {type=Java} [Given Maria wants to know about the job offers on the Sophos page [Maria open up page [Maria opens the Sophos open up page], Maria work with us button [Maria clicks on Popup, Maria clicks on The button Work with us]], When she search for available offers of Java [Maria search [Maria enters 'Java' into The button Search, Maria types 'ENTER' in The button Search]], Then print the offers available [Then answer]]
[Test worker] WARN net.thucydides.core.steps.BaseStepListener - stepFinished: current outcome:Sophos jobs platform:Example: {type=Java} [Given Maria wants to know about the job offers on the Sophos page [Maria open up page [Maria opens the Sophos open up page], Maria work with us button [Maria clicks on Popup, Maria clicks on The button Work with us]], When she search for available offers of Java [Maria search [Maria enters 'Java' into The button Search, Maria types 'ENTER' in The button Search]], Then print the offers available [Then answer]]
[Test worker] WARN net.thucydides.core.steps.BaseStepListener - testFinished: Sophos jobs platform:Example: {type=Java} [Given Maria wants to know about the job offers on the Sophos page [Maria open up page [Maria opens the Sophos open up page], Maria work with us button [Maria clicks on Popup, Maria clicks on The button Work with us]], When she search for available offers of Java [Maria search [Maria enters 'Java' into The button Search, Maria types 'ENTER' in The button Search]], Then print the offers available [Then answer]]
[Test worker] WARN net.thucydides.core.steps.BaseStepListener - TestOutcomes: [Sophos jobs platform:Example: {type=Java} [Given Maria wants to know about the job offers on the Sophos page [Maria open up page [Maria opens the Sophos open up page], Maria work with us button [Maria clicks on Popup, Maria clicks on The button Work with us]], When she search for available offers of Java [Maria search [Maria enters 'Java' into The button Search, Maria types 'ENTER' in The button Search]], Then print the offers available [Then answer]]]
[Test worker] WARN net.thucydides.core.steps.BaseStepListener - Final testOutcomes: [Sophos jobs platform:Example: {type=Java} [Given Maria wants to know about the job offers on the Sophos page [Maria open up page [Maria opens the Sophos open up page], Maria work with us button [Maria clicks on Popup, Maria clicks on The button Work with us]], When she search for available offers of Java [Maria search [Maria enters 'Java' into The button Search, Maria types 'ENTER' in The button Search]], Then print the offers available [Then answer]]]
[Test worker] INFO net.thucydides.core.steps.ConsoleLoggingListener - 
        __    _____ _____ ____ _____   ____   _    ____  ____  _____ ____  
  _     \ \  |_   _| ____/ ___|_   _| |  _ \ / \  / ___|/ ___|| ____|  _ \ 
 (_)_____| |   | | |  _| \___ \ | |   | |_) / _ \ \___ \\___ \|  _| | | | |
  _|_____| |   | | | |___ ___) || |   |  __/ ___ \ ___) |___) | |___| |_| |
 (_)     | |   |_| |_____|____/ |_|   |_| /_/   \_\____/|____/|_____|____/ 
        /_/                                                                

TEST PASSED: Sophos jobs platform
----------------------------------------------------------------------------
[Test worker] WARN net.thucydides.core.steps.BaseStepListener - stepStarted: net.thucydides.core.steps.ExecutedStepDescription@3633a7dd
[Test worker] WARN net.thucydides.core.steps.BaseStepListener - stepStarted: net.thucydides.core.steps.ExecutedStepDescription@514e431a
[Test worker] WARN net.thucydides.core.steps.BaseStepListener - stepStarted: net.thucydides.core.steps.ExecutedStepDescription@72718360
nov 24, 2021 7:00:59 PM org.openqa.selenium.remote.DesiredCapabilities chrome
INFORMACIÓN: Using `new ChromeOptions()` is preferred to `DesiredCapabilities.chrome()`
[Test worker] INFO net.serenitybdd.core.webdriver.driverproviders.ProvideNewDriver - Instantiating driver
[Test worker] INFO net.serenitybdd.core.webdriver.driverproviders.ProvideNewDriver - Driver capabilities: Capabilities {acceptInsecureCerts: false, browserName: chrome, chrome.switches: --start-maximized, goog:chromeOptions: {args: [--start-maximized], extensions: []}, loggingPrefs: org.openqa.selenium.logging..., platform: ANY, version: }
Starting ChromeDriver 95.0.4638.54 (d31a821ec901f68d0d34ccdbaea45b4c86ce543e-refs/branch-heads/4638@{#871}) on port 36981
Only local connections are allowed.
Please see https://chromedriver.chromium.org/security-considerations for suggestions on keeping ChromeDriver safe.
ChromeDriver was started successfully.
[1637798462.716][WARNING]: This version of ChromeDriver has not been tested with Chrome version 96.
nov 24, 2021 7:01:02 PM org.openqa.selenium.remote.ProtocolHandshake createSession
INFORMACIÓN: Detected dialect: W3C
[Test worker] WARN net.thucydides.core.steps.BaseStepListener - stepFinished: current outcome:Sophos jobs platform:Example: {type=Java} [Given Maria wants to know about the job offers on the Sophos page [Maria open up page [Maria opens the Sophos open up page], Maria work with us button [Maria clicks on Popup, Maria clicks on The button Work with us]], When she search for available offers of Java [Maria search [Maria enters 'Java' into The button Search, Maria types 'ENTER' in The button Search]], Then print the offers available [Then answer]], Example: {type=Scala} [Given Maria wants to know about the job offers on the Sophos page [Maria open up page [Maria opens the Sophos open up page]]]
[Test worker] WARN net.thucydides.core.steps.BaseStepListener - stepFinished: current outcome:Sophos jobs platform:Example: {type=Java} [Given Maria wants to know about the job offers on the Sophos page [Maria open up page [Maria opens the Sophos open up page], Maria work with us button [Maria clicks on Popup, Maria clicks on The button Work with us]], When she search for available offers of Java [Maria search [Maria enters 'Java' into The button Search, Maria types 'ENTER' in The button Search]], Then print the offers available [Then answer]], Example: {type=Scala} [Given Maria wants to know about the job offers on the Sophos page [Maria open up page [Maria opens the Sophos open up page]]]
[Test worker] WARN net.thucydides.core.steps.BaseStepListener - stepStarted: net.thucydides.core.steps.ExecutedStepDescription@3daf98c
[Test worker] WARN net.thucydides.core.steps.BaseStepListener - stepStarted: net.thucydides.core.steps.ExecutedStepDescription@99c5d57
[Test worker] WARN net.thucydides.core.steps.BaseStepListener - stepFinished: current outcome:Sophos jobs platform:Example: {type=Java} [Given Maria wants to know about the job offers on the Sophos page [Maria open up page [Maria opens the Sophos open up page], Maria work with us button [Maria clicks on Popup, Maria clicks on The button Work with us]], When she search for available offers of Java [Maria search [Maria enters 'Java' into The button Search, Maria types 'ENTER' in The button Search]], Then print the offers available [Then answer]], Example: {type=Scala} [Given Maria wants to know about the job offers on the Sophos page [Maria open up page [Maria opens the Sophos open up page], Maria work with us button [Maria clicks on Popup]]]
[Test worker] WARN net.thucydides.core.steps.BaseStepListener - stepStarted: net.thucydides.core.steps.ExecutedStepDescription@3b6bb5ff
[Test worker] WARN net.thucydides.core.steps.BaseStepListener - stepFinished: current outcome:Sophos jobs platform:Example: {type=Java} [Given Maria wants to know about the job offers on the Sophos page [Maria open up page [Maria opens the Sophos open up page], Maria work with us button [Maria clicks on Popup, Maria clicks on The button Work with us]], When she search for available offers of Java [Maria search [Maria enters 'Java' into The button Search, Maria types 'ENTER' in The button Search]], Then print the offers available [Then answer]], Example: {type=Scala} [Given Maria wants to know about the job offers on the Sophos page [Maria open up page [Maria opens the Sophos open up page], Maria work with us button [Maria clicks on Popup, Maria clicks on The button Work with us]]]
[Test worker] WARN net.thucydides.core.steps.BaseStepListener - stepFinished: current outcome:Sophos jobs platform:Example: {type=Java} [Given Maria wants to know about the job offers on the Sophos page [Maria open up page [Maria opens the Sophos open up page], Maria work with us button [Maria clicks on Popup, Maria clicks on The button Work with us]], When she search for available offers of Java [Maria search [Maria enters 'Java' into The button Search, Maria types 'ENTER' in The button Search]], Then print the offers available [Then answer]], Example: {type=Scala} [Given Maria wants to know about the job offers on the Sophos page [Maria open up page [Maria opens the Sophos open up page], Maria work with us button [Maria clicks on Popup, Maria clicks on The button Work with us]]]
[Test worker] WARN net.thucydides.core.steps.BaseStepListener - stepFinished: current outcome:Sophos jobs platform:Example: {type=Java} [Given Maria wants to know about the job offers on the Sophos page [Maria open up page [Maria opens the Sophos open up page], Maria work with us button [Maria clicks on Popup, Maria clicks on The button Work with us]], When she search for available offers of Java [Maria search [Maria enters 'Java' into The button Search, Maria types 'ENTER' in The button Search]], Then print the offers available [Then answer]], Example: {type=Scala} [Given Maria wants to know about the job offers on the Sophos page [Maria open up page [Maria opens the Sophos open up page], Maria work with us button [Maria clicks on Popup, Maria clicks on The button Work with us]]]
[Test worker] WARN net.thucydides.core.steps.BaseStepListener - stepStarted: net.thucydides.core.steps.ExecutedStepDescription@7906bc9e
[Test worker] WARN net.thucydides.core.steps.BaseStepListener - stepStarted: net.thucydides.core.steps.ExecutedStepDescription@1f05bd43
[Test worker] WARN net.thucydides.core.steps.BaseStepListener - stepStarted: net.thucydides.core.steps.ExecutedStepDescription@6be40c1d
[Test worker] WARN net.thucydides.core.steps.BaseStepListener - stepFinished: current outcome:Sophos jobs platform:Example: {type=Java} [Given Maria wants to know about the job offers on the Sophos page [Maria open up page [Maria opens the Sophos open up page], Maria work with us button [Maria clicks on Popup, Maria clicks on The button Work with us]], When she search for available offers of Java [Maria search [Maria enters 'Java' into The button Search, Maria types 'ENTER' in The button Search]], Then print the offers available [Then answer]], Example: {type=Scala} [Given Maria wants to know about the job offers on the Sophos page [Maria open up page [Maria opens the Sophos open up page], Maria work with us button [Maria clicks on Popup, Maria clicks on The button Work with us]], When she search for available offers of Scala [Maria search [Maria enters 'Scala' into The button Search]]]
[Test worker] WARN net.thucydides.core.steps.BaseStepListener - stepStarted: net.thucydides.core.steps.ExecutedStepDescription@7184334b
[Test worker] WARN net.thucydides.core.steps.BaseStepListener - stepFinished: current outcome:Sophos jobs platform:Example: {type=Java} [Given Maria wants to know about the job offers on the Sophos page [Maria open up page [Maria opens the Sophos open up page], Maria work with us button [Maria clicks on Popup, Maria clicks on The button Work with us]], When she search for available offers of Java [Maria search [Maria enters 'Java' into The button Search, Maria types 'ENTER' in The button Search]], Then print the offers available [Then answer]], Example: {type=Scala} [Given Maria wants to know about the job offers on the Sophos page [Maria open up page [Maria opens the Sophos open up page], Maria work with us button [Maria clicks on Popup, Maria clicks on The button Work with us]], When she search for available offers of Scala [Maria search [Maria enters 'Scala' into The button Search, Maria types 'ENTER' in The button Search]]]
[Test worker] WARN net.thucydides.core.steps.BaseStepListener - stepFinished: current outcome:Sophos jobs platform:Example: {type=Java} [Given Maria wants to know about the job offers on the Sophos page [Maria open up page [Maria opens the Sophos open up page], Maria work with us button [Maria clicks on Popup, Maria clicks on The button Work with us]], When she search for available offers of Java [Maria search [Maria enters 'Java' into The button Search, Maria types 'ENTER' in The button Search]], Then print the offers available [Then answer]], Example: {type=Scala} [Given Maria wants to know about the job offers on the Sophos page [Maria open up page [Maria opens the Sophos open up page], Maria work with us button [Maria clicks on Popup, Maria clicks on The button Work with us]], When she search for available offers of Scala [Maria search [Maria enters 'Scala' into The button Search, Maria types 'ENTER' in The button Search]]]
[Test worker] WARN net.thucydides.core.steps.BaseStepListener - stepFinished: current outcome:Sophos jobs platform:Example: {type=Java} [Given Maria wants to know about the job offers on the Sophos page [Maria open up page [Maria opens the Sophos open up page], Maria work with us button [Maria clicks on Popup, Maria clicks on The button Work with us]], When she search for available offers of Java [Maria search [Maria enters 'Java' into The button Search, Maria types 'ENTER' in The button Search]], Then print the offers available [Then answer]], Example: {type=Scala} [Given Maria wants to know about the job offers on the Sophos page [Maria open up page [Maria opens the Sophos open up page], Maria work with us button [Maria clicks on Popup, Maria clicks on The button Work with us]], When she search for available offers of Scala [Maria search [Maria enters 'Scala' into The button Search, Maria types 'ENTER' in The button Search]]]
[Test worker] WARN net.thucydides.core.steps.BaseStepListener - stepStarted: net.thucydides.core.steps.ExecutedStepDescription@18af6d79
[Test worker] WARN net.thucydides.core.steps.BaseStepListener - stepStarted: net.thucydides.core.steps.ExecutedStepDescription@381415d4
[Test worker] WARN net.thucydides.core.steps.BaseStepListener - stepFinished: current outcome:Sophos jobs platform:Example: {type=Java} [Given Maria wants to know about the job offers on the Sophos page [Maria open up page [Maria opens the Sophos open up page], Maria work with us button [Maria clicks on Popup, Maria clicks on The button Work with us]], When she search for available offers of Java [Maria search [Maria enters 'Java' into The button Search, Maria types 'ENTER' in The button Search]], Then print the offers available [Then answer]], Example: {type=Scala} [Given Maria wants to know about the job offers on the Sophos page [Maria open up page [Maria opens the Sophos open up page], Maria work with us button [Maria clicks on Popup, Maria clicks on The button Work with us]], When she search for available offers of Scala [Maria search [Maria enters 'Scala' into The button Search, Maria types 'ENTER' in The button Search]], Then print the offers available [Then answer]]
[Test worker] WARN net.thucydides.core.steps.BaseStepListener - stepFinished: current outcome:Sophos jobs platform:Example: {type=Java} [Given Maria wants to know about the job offers on the Sophos page [Maria open up page [Maria opens the Sophos open up page], Maria work with us button [Maria clicks on Popup, Maria clicks on The button Work with us]], When she search for available offers of Java [Maria search [Maria enters 'Java' into The button Search, Maria types 'ENTER' in The button Search]], Then print the offers available [Then answer]], Example: {type=Scala} [Given Maria wants to know about the job offers on the Sophos page [Maria open up page [Maria opens the Sophos open up page], Maria work with us button [Maria clicks on Popup, Maria clicks on The button Work with us]], When she search for available offers of Scala [Maria search [Maria enters 'Scala' into The button Search, Maria types 'ENTER' in The button Search]], Then print the offers available [Then answer]]
[Test worker] WARN net.thucydides.core.steps.BaseStepListener - stepFinished: current outcome:Sophos jobs platform:Example: {type=Java} [Given Maria wants to know about the job offers on the Sophos page [Maria open up page [Maria opens the Sophos open up page], Maria work with us button [Maria clicks on Popup, Maria clicks on The button Work with us]], When she search for available offers of Java [Maria search [Maria enters 'Java' into The button Search, Maria types 'ENTER' in The button Search]], Then print the offers available [Then answer]], Example: {type=Scala} [Given Maria wants to know about the job offers on the Sophos page [Maria open up page [Maria opens the Sophos open up page], Maria work with us button [Maria clicks on Popup, Maria clicks on The button Work with us]], When she search for available offers of Scala [Maria search [Maria enters 'Scala' into The button Search, Maria types 'ENTER' in The button Search]], Then print the offers available [Then answer]]
[Test worker] WARN net.thucydides.core.steps.BaseStepListener - testFinished: Sophos jobs platform:Example: {type=Java} [Given Maria wants to know about the job offers on the Sophos page [Maria open up page [Maria opens the Sophos open up page], Maria work with us button [Maria clicks on Popup, Maria clicks on The button Work with us]], When she search for available offers of Java [Maria search [Maria enters 'Java' into The button Search, Maria types 'ENTER' in The button Search]], Then print the offers available [Then answer]], Example: {type=Scala} [Given Maria wants to know about the job offers on the Sophos page [Maria open up page [Maria opens the Sophos open up page], Maria work with us button [Maria clicks on Popup, Maria clicks on The button Work with us]], When she search for available offers of Scala [Maria search [Maria enters 'Scala' into The button Search, Maria types 'ENTER' in The button Search]], Then print the offers available [Then answer]]
[Test worker] WARN net.thucydides.core.steps.BaseStepListener - TestOutcomes: [Sophos jobs platform:Example: {type=Java} [Given Maria wants to know about the job offers on the Sophos page [Maria open up page [Maria opens the Sophos open up page], Maria work with us button [Maria clicks on Popup, Maria clicks on The button Work with us]], When she search for available offers of Java [Maria search [Maria enters 'Java' into The button Search, Maria types 'ENTER' in The button Search]], Then print the offers available [Then answer]], Example: {type=Scala} [Given Maria wants to know about the job offers on the Sophos page [Maria open up page [Maria opens the Sophos open up page], Maria work with us button [Maria clicks on Popup, Maria clicks on The button Work with us]], When she search for available offers of Scala [Maria search [Maria enters 'Scala' into The button Search, Maria types 'ENTER' in The button Search]], Then print the offers available [Then answer]]]
[Test worker] WARN net.thucydides.core.steps.BaseStepListener - Final testOutcomes: [Sophos jobs platform:Example: {type=Java} [Given Maria wants to know about the job offers on the Sophos page [Maria open up page [Maria opens the Sophos open up page], Maria work with us button [Maria clicks on Popup, Maria clicks on The button Work with us]], When she search for available offers of Java [Maria search [Maria enters 'Java' into The button Search, Maria types 'ENTER' in The button Search]], Then print the offers available [Then answer]], Example: {type=Scala} [Given Maria wants to know about the job offers on the Sophos page [Maria open up page [Maria opens the Sophos open up page], Maria work with us button [Maria clicks on Popup, Maria clicks on The button Work with us]], When she search for available offers of Scala [Maria search [Maria enters 'Scala' into The button Search, Maria types 'ENTER' in The button Search]], Then print the offers available [Then answer]]]
[Test worker] INFO net.thucydides.core.steps.ConsoleLoggingListener - 
        __    _____ _____ ____ _____   ____   _    ____  ____  _____ ____  
  _     \ \  |_   _| ____/ ___|_   _| |  _ \ / \  / ___|/ ___|| ____|  _ \ 
 (_)_____| |   | | |  _| \___ \ | |   | |_) / _ \ \___ \\___ \|  _| | | | |
  _|_____| |   | | | |___ ___) || |   |  __/ ___ \ ___) |___) | |___| |_| |
 (_)     | |   |_| |_____|____/ |_|   |_| /_/   \_\____/|____/|_____|____/ 
        /_/                                                                

TEST PASSED: Sophos jobs platform
----------------------------------------------------------------------------
[Test worker] WARN net.thucydides.core.steps.BaseStepListener - stepStarted: net.thucydides.core.steps.ExecutedStepDescription@492fa12
[Test worker] WARN net.thucydides.core.steps.BaseStepListener - stepStarted: net.thucydides.core.steps.ExecutedStepDescription@47859aa2
[Test worker] WARN net.thucydides.core.steps.BaseStepListener - stepStarted: net.thucydides.core.steps.ExecutedStepDescription@f62d451
nov 24, 2021 7:01:17 PM org.openqa.selenium.remote.DesiredCapabilities chrome
INFORMACIÓN: Using `new ChromeOptions()` is preferred to `DesiredCapabilities.chrome()`
[Test worker] INFO net.serenitybdd.core.webdriver.driverproviders.ProvideNewDriver - Instantiating driver
[Test worker] INFO net.serenitybdd.core.webdriver.driverproviders.ProvideNewDriver - Driver capabilities: Capabilities {acceptInsecureCerts: false, browserName: chrome, chrome.switches: --start-maximized, goog:chromeOptions: {args: [--start-maximized], extensions: []}, loggingPrefs: org.openqa.selenium.logging..., platform: ANY, version: }
Starting ChromeDriver 95.0.4638.54 (d31a821ec901f68d0d34ccdbaea45b4c86ce543e-refs/branch-heads/4638@{#871}) on port 19114
Only local connections are allowed.
Please see https://chromedriver.chromium.org/security-considerations for suggestions on keeping ChromeDriver safe.
ChromeDriver was started successfully.
[1637798480.637][WARNING]: This version of ChromeDriver has not been tested with Chrome version 96.
nov 24, 2021 7:01:20 PM org.openqa.selenium.remote.ProtocolHandshake createSession
INFORMACIÓN: Detected dialect: W3C
[Test worker] WARN net.thucydides.core.steps.BaseStepListener - stepFinished: current outcome:Sophos jobs platform:Example: {type=Java} [Given Maria wants to know about the job offers on the Sophos page [Maria open up page [Maria opens the Sophos open up page], Maria work with us button [Maria clicks on Popup, Maria clicks on The button Work with us]], When she search for available offers of Java [Maria search [Maria enters 'Java' into The button Search, Maria types 'ENTER' in The button Search]], Then print the offers available [Then answer]], Example: {type=Scala} [Given Maria wants to know about the job offers on the Sophos page [Maria open up page [Maria opens the Sophos open up page], Maria work with us button [Maria clicks on Popup, Maria clicks on The button Work with us]], When she search for available offers of Scala [Maria search [Maria enters 'Scala' into The button Search, Maria types 'ENTER' in The button Search]], Then print the offers available [Then answer]], Example: {type=Seminario} [Given Maria wants to know about the job offers on the Sophos page [Maria open up page [Maria opens the Sophos open up page]]]
[Test worker] WARN net.thucydides.core.steps.BaseStepListener - stepFinished: current outcome:Sophos jobs platform:Example: {type=Java} [Given Maria wants to know about the job offers on the Sophos page [Maria open up page [Maria opens the Sophos open up page], Maria work with us button [Maria clicks on Popup, Maria clicks on The button Work with us]], When she search for available offers of Java [Maria search [Maria enters 'Java' into The button Search, Maria types 'ENTER' in The button Search]], Then print the offers available [Then answer]], Example: {type=Scala} [Given Maria wants to know about the job offers on the Sophos page [Maria open up page [Maria opens the Sophos open up page], Maria work with us button [Maria clicks on Popup, Maria clicks on The button Work with us]], When she search for available offers of Scala [Maria search [Maria enters 'Scala' into The button Search, Maria types 'ENTER' in The button Search]], Then print the offers available [Then answer]], Example: {type=Seminario} [Given Maria wants to know about the job offers on the Sophos page [Maria open up page [Maria opens the Sophos open up page]]]
[Test worker] WARN net.thucydides.core.steps.BaseStepListener - stepStarted: net.thucydides.core.steps.ExecutedStepDescription@10c272b6
[Test worker] WARN net.thucydides.core.steps.BaseStepListener - stepStarted: net.thucydides.core.steps.ExecutedStepDescription@2591188
[Test worker] WARN net.thucydides.core.steps.BaseStepListener - stepFinished: current outcome:Sophos jobs platform:Example: {type=Java} [Given Maria wants to know about the job offers on the Sophos page [Maria open up page [Maria opens the Sophos open up page], Maria work with us button [Maria clicks on Popup, Maria clicks on The button Work with us]], When she search for available offers of Java [Maria search [Maria enters 'Java' into The button Search, Maria types 'ENTER' in The button Search]], Then print the offers available [Then answer]], Example: {type=Scala} [Given Maria wants to know about the job offers on the Sophos page [Maria open up page [Maria opens the Sophos open up page], Maria work with us button [Maria clicks on Popup, Maria clicks on The button Work with us]], When she search for available offers of Scala [Maria search [Maria enters 'Scala' into The button Search, Maria types 'ENTER' in The button Search]], Then print the offers available [Then answer]], Example: {type=Seminario} [Given Maria wants to know about the job offers on the Sophos page [Maria open up page [Maria opens the Sophos open up page], Maria work with us button [Maria clicks on Popup]]]
[Test worker] WARN net.thucydides.core.steps.BaseStepListener - stepStarted: net.thucydides.core.steps.ExecutedStepDescription@5f1d833f
[Test worker] WARN net.thucydides.core.steps.BaseStepListener - stepFinished: current outcome:Sophos jobs platform:Example: {type=Java} [Given Maria wants to know about the job offers on the Sophos page [Maria open up page [Maria opens the Sophos open up page], Maria work with us button [Maria clicks on Popup, Maria clicks on The button Work with us]], When she search for available offers of Java [Maria search [Maria enters 'Java' into The button Search, Maria types 'ENTER' in The button Search]], Then print the offers available [Then answer]], Example: {type=Scala} [Given Maria wants to know about the job offers on the Sophos page [Maria open up page [Maria opens the Sophos open up page], Maria work with us button [Maria clicks on Popup, Maria clicks on The button Work with us]], When she search for available offers of Scala [Maria search [Maria enters 'Scala' into The button Search, Maria types 'ENTER' in The button Search]], Then print the offers available [Then answer]], Example: {type=Seminario} [Given Maria wants to know about the job offers on the Sophos page [Maria open up page [Maria opens the Sophos open up page], Maria work with us button [Maria clicks on Popup, Maria clicks on The button Work with us]]]
[Test worker] WARN net.thucydides.core.steps.BaseStepListener - stepFinished: current outcome:Sophos jobs platform:Example: {type=Java} [Given Maria wants to know about the job offers on the Sophos page [Maria open up page [Maria opens the Sophos open up page], Maria work with us button [Maria clicks on Popup, Maria clicks on The button Work with us]], When she search for available offers of Java [Maria search [Maria enters 'Java' into The button Search, Maria types 'ENTER' in The button Search]], Then print the offers available [Then answer]], Example: {type=Scala} [Given Maria wants to know about the job offers on the Sophos page [Maria open up page [Maria opens the Sophos open up page], Maria work with us button [Maria clicks on Popup, Maria clicks on The button Work with us]], When she search for available offers of Scala [Maria search [Maria enters 'Scala' into The button Search, Maria types 'ENTER' in The button Search]], Then print the offers available [Then answer]], Example: {type=Seminario} [Given Maria wants to know about the job offers on the Sophos page [Maria open up page [Maria opens the Sophos open up page], Maria work with us button [Maria clicks on Popup, Maria clicks on The button Work with us]]]
[Test worker] WARN net.thucydides.core.steps.BaseStepListener - stepFinished: current outcome:Sophos jobs platform:Example: {type=Java} [Given Maria wants to know about the job offers on the Sophos page [Maria open up page [Maria opens the Sophos open up page], Maria work with us button [Maria clicks on Popup, Maria clicks on The button Work with us]], When she search for available offers of Java [Maria search [Maria enters 'Java' into The button Search, Maria types 'ENTER' in The button Search]], Then print the offers available [Then answer]], Example: {type=Scala} [Given Maria wants to know about the job offers on the Sophos page [Maria open up page [Maria opens the Sophos open up page], Maria work with us button [Maria clicks on Popup, Maria clicks on The button Work with us]], When she search for available offers of Scala [Maria search [Maria enters 'Scala' into The button Search, Maria types 'ENTER' in The button Search]], Then print the offers available [Then answer]], Example: {type=Seminario} [Given Maria wants to know about the job offers on the Sophos page [Maria open up page [Maria opens the Sophos open up page], Maria work with us button [Maria clicks on Popup, Maria clicks on The button Work with us]]]
[Test worker] WARN net.thucydides.core.steps.BaseStepListener - stepStarted: net.thucydides.core.steps.ExecutedStepDescription@4fa49965
[Test worker] WARN net.thucydides.core.steps.BaseStepListener - stepStarted: net.thucydides.core.steps.ExecutedStepDescription@23703b1c
[Test worker] WARN net.thucydides.core.steps.BaseStepListener - stepStarted: net.thucydides.core.steps.ExecutedStepDescription@11d1883a
[Test worker] WARN net.thucydides.core.steps.BaseStepListener - stepFinished: current outcome:Sophos jobs platform:Example: {type=Java} [Given Maria wants to know about the job offers on the Sophos page [Maria open up page [Maria opens the Sophos open up page], Maria work with us button [Maria clicks on Popup, Maria clicks on The button Work with us]], When she search for available offers of Java [Maria search [Maria enters 'Java' into The button Search, Maria types 'ENTER' in The button Search]], Then print the offers available [Then answer]], Example: {type=Scala} [Given Maria wants to know about the job offers on the Sophos page [Maria open up page [Maria opens the Sophos open up page], Maria work with us button [Maria clicks on Popup, Maria clicks on The button Work with us]], When she search for available offers of Scala [Maria search [Maria enters 'Scala' into The button Search, Maria types 'ENTER' in The button Search]], Then print the offers available [Then answer]], Example: {type=Seminario} [Given Maria wants to know about the job offers on the Sophos page [Maria open up page [Maria opens the Sophos open up page], Maria work with us button [Maria clicks on Popup, Maria clicks on The button Work with us]], When she search for available offers of Seminario [Maria search [Maria enters 'Seminario' into The button Search]]]
[Test worker] WARN net.thucydides.core.steps.BaseStepListener - stepStarted: net.thucydides.core.steps.ExecutedStepDescription@22bef9f5
[Test worker] WARN net.thucydides.core.steps.BaseStepListener - stepFinished: current outcome:Sophos jobs platform:Example: {type=Java} [Given Maria wants to know about the job offers on the Sophos page [Maria open up page [Maria opens the Sophos open up page], Maria work with us button [Maria clicks on Popup, Maria clicks on The button Work with us]], When she search for available offers of Java [Maria search [Maria enters 'Java' into The button Search, Maria types 'ENTER' in The button Search]], Then print the offers available [Then answer]], Example: {type=Scala} [Given Maria wants to know about the job offers on the Sophos page [Maria open up page [Maria opens the Sophos open up page], Maria work with us button [Maria clicks on Popup, Maria clicks on The button Work with us]], When she search for available offers of Scala [Maria search [Maria enters 'Scala' into The button Search, Maria types 'ENTER' in The button Search]], Then print the offers available [Then answer]], Example: {type=Seminario} [Given Maria wants to know about the job offers on the Sophos page [Maria open up page [Maria opens the Sophos open up page], Maria work with us button [Maria clicks on Popup, Maria clicks on The button Work with us]], When she search for available offers of Seminario [Maria search [Maria enters 'Seminario' into The button Search, Maria types 'ENTER' in The button Search]]]
[Test worker] WARN net.thucydides.core.steps.BaseStepListener - stepFinished: current outcome:Sophos jobs platform:Example: {type=Java} [Given Maria wants to know about the job offers on the Sophos page [Maria open up page [Maria opens the Sophos open up page], Maria work with us button [Maria clicks on Popup, Maria clicks on The button Work with us]], When she search for available offers of Java [Maria search [Maria enters 'Java' into The button Search, Maria types 'ENTER' in The button Search]], Then print the offers available [Then answer]], Example: {type=Scala} [Given Maria wants to know about the job offers on the Sophos page [Maria open up page [Maria opens the Sophos open up page], Maria work with us button [Maria clicks on Popup, Maria clicks on The button Work with us]], When she search for available offers of Scala [Maria search [Maria enters 'Scala' into The button Search, Maria types 'ENTER' in The button Search]], Then print the offers available [Then answer]], Example: {type=Seminario} [Given Maria wants to know about the job offers on the Sophos page [Maria open up page [Maria opens the Sophos open up page], Maria work with us button [Maria clicks on Popup, Maria clicks on The button Work with us]], When she search for available offers of Seminario [Maria search [Maria enters 'Seminario' into The button Search, Maria types 'ENTER' in The button Search]]]
[Test worker] WARN net.thucydides.core.steps.BaseStepListener - stepFinished: current outcome:Sophos jobs platform:Example: {type=Java} [Given Maria wants to know about the job offers on the Sophos page [Maria open up page [Maria opens the Sophos open up page], Maria work with us button [Maria clicks on Popup, Maria clicks on The button Work with us]], When she search for available offers of Java [Maria search [Maria enters 'Java' into The button Search, Maria types 'ENTER' in The button Search]], Then print the offers available [Then answer]], Example: {type=Scala} [Given Maria wants to know about the job offers on the Sophos page [Maria open up page [Maria opens the Sophos open up page], Maria work with us button [Maria clicks on Popup, Maria clicks on The button Work with us]], When she search for available offers of Scala [Maria search [Maria enters 'Scala' into The button Search, Maria types 'ENTER' in The button Search]], Then print the offers available [Then answer]], Example: {type=Seminario} [Given Maria wants to know about the job offers on the Sophos page [Maria open up page [Maria opens the Sophos open up page], Maria work with us button [Maria clicks on Popup, Maria clicks on The button Work with us]], When she search for available offers of Seminario [Maria search [Maria enters 'Seminario' into The button Search, Maria types 'ENTER' in The button Search]]]
[Test worker] WARN net.thucydides.core.steps.BaseStepListener - stepStarted: net.thucydides.core.steps.ExecutedStepDescription@5b69c881
[Test worker] WARN net.thucydides.core.steps.BaseStepListener - stepStarted: net.thucydides.core.steps.ExecutedStepDescription@36808aa0
[Test worker] WARN net.thucydides.core.steps.BaseStepListener - stepFinished: current outcome:Sophos jobs platform:Example: {type=Java} [Given Maria wants to know about the job offers on the Sophos page [Maria open up page [Maria opens the Sophos open up page], Maria work with us button [Maria clicks on Popup, Maria clicks on The button Work with us]], When she search for available offers of Java [Maria search [Maria enters 'Java' into The button Search, Maria types 'ENTER' in The button Search]], Then print the offers available [Then answer]], Example: {type=Scala} [Given Maria wants to know about the job offers on the Sophos page [Maria open up page [Maria opens the Sophos open up page], Maria work with us button [Maria clicks on Popup, Maria clicks on The button Work with us]], When she search for available offers of Scala [Maria search [Maria enters 'Scala' into The button Search, Maria types 'ENTER' in The button Search]], Then print the offers available [Then answer]], Example: {type=Seminario} [Given Maria wants to know about the job offers on the Sophos page [Maria open up page [Maria opens the Sophos open up page], Maria work with us button [Maria clicks on Popup, Maria clicks on The button Work with us]], When she search for available offers of Seminario [Maria search [Maria enters 'Seminario' into The button Search, Maria types 'ENTER' in The button Search]], Then print the offers available [Then answer]]
[Test worker] WARN net.thucydides.core.steps.BaseStepListener - stepFinished: current outcome:Sophos jobs platform:Example: {type=Java} [Given Maria wants to know about the job offers on the Sophos page [Maria open up page [Maria opens the Sophos open up page], Maria work with us button [Maria clicks on Popup, Maria clicks on The button Work with us]], When she search for available offers of Java [Maria search [Maria enters 'Java' into The button Search, Maria types 'ENTER' in The button Search]], Then print the offers available [Then answer]], Example: {type=Scala} [Given Maria wants to know about the job offers on the Sophos page [Maria open up page [Maria opens the Sophos open up page], Maria work with us button [Maria clicks on Popup, Maria clicks on The button Work with us]], When she search for available offers of Scala [Maria search [Maria enters 'Scala' into The button Search, Maria types 'ENTER' in The button Search]], Then print the offers available [Then answer]], Example: {type=Seminario} [Given Maria wants to know about the job offers on the Sophos page [Maria open up page [Maria opens the Sophos open up page], Maria work with us button [Maria clicks on Popup, Maria clicks on The button Work with us]], When she search for available offers of Seminario [Maria search [Maria enters 'Seminario' into The button Search, Maria types 'ENTER' in The button Search]], Then print the offers available [Then answer]]
[Test worker] WARN net.thucydides.core.steps.BaseStepListener - stepFinished: current outcome:Sophos jobs platform:Example: {type=Java} [Given Maria wants to know about the job offers on the Sophos page [Maria open up page [Maria opens the Sophos open up page], Maria work with us button [Maria clicks on Popup, Maria clicks on The button Work with us]], When she search for available offers of Java [Maria search [Maria enters 'Java' into The button Search, Maria types 'ENTER' in The button Search]], Then print the offers available [Then answer]], Example: {type=Scala} [Given Maria wants to know about the job offers on the Sophos page [Maria open up page [Maria opens the Sophos open up page], Maria work with us button [Maria clicks on Popup, Maria clicks on The button Work with us]], When she search for available offers of Scala [Maria search [Maria enters 'Scala' into The button Search, Maria types 'ENTER' in The button Search]], Then print the offers available [Then answer]], Example: {type=Seminario} [Given Maria wants to know about the job offers on the Sophos page [Maria open up page [Maria opens the Sophos open up page], Maria work with us button [Maria clicks on Popup, Maria clicks on The button Work with us]], When she search for available offers of Seminario [Maria search [Maria enters 'Seminario' into The button Search, Maria types 'ENTER' in The button Search]], Then print the offers available [Then answer]]
[Test worker] WARN net.thucydides.core.steps.BaseStepListener - testFinished: Sophos jobs platform:Example: {type=Java} [Given Maria wants to know about the job offers on the Sophos page [Maria open up page [Maria opens the Sophos open up page], Maria work with us button [Maria clicks on Popup, Maria clicks on The button Work with us]], When she search for available offers of Java [Maria search [Maria enters 'Java' into The button Search, Maria types 'ENTER' in The button Search]], Then print the offers available [Then answer]], Example: {type=Scala} [Given Maria wants to know about the job offers on the Sophos page [Maria open up page [Maria opens the Sophos open up page], Maria work with us button [Maria clicks on Popup, Maria clicks on The button Work with us]], When she search for available offers of Scala [Maria search [Maria enters 'Scala' into The button Search, Maria types 'ENTER' in The button Search]], Then print the offers available [Then answer]], Example: {type=Seminario} [Given Maria wants to know about the job offers on the Sophos page [Maria open up page [Maria opens the Sophos open up page], Maria work with us button [Maria clicks on Popup, Maria clicks on The button Work with us]], When she search for available offers of Seminario [Maria search [Maria enters 'Seminario' into The button Search, Maria types 'ENTER' in The button Search]], Then print the offers available [Then answer]]
[Test worker] WARN net.thucydides.core.steps.BaseStepListener - TestOutcomes: [Sophos jobs platform:Example: {type=Java} [Given Maria wants to know about the job offers on the Sophos page [Maria open up page [Maria opens the Sophos open up page], Maria work with us button [Maria clicks on Popup, Maria clicks on The button Work with us]], When she search for available offers of Java [Maria search [Maria enters 'Java' into The button Search, Maria types 'ENTER' in The button Search]], Then print the offers available [Then answer]], Example: {type=Scala} [Given Maria wants to know about the job offers on the Sophos page [Maria open up page [Maria opens the Sophos open up page], Maria work with us button [Maria clicks on Popup, Maria clicks on The button Work with us]], When she search for available offers of Scala [Maria search [Maria enters 'Scala' into The button Search, Maria types 'ENTER' in The button Search]], Then print the offers available [Then answer]], Example: {type=Seminario} [Given Maria wants to know about the job offers on the Sophos page [Maria open up page [Maria opens the Sophos open up page], Maria work with us button [Maria clicks on Popup, Maria clicks on The button Work with us]], When she search for available offers of Seminario [Maria search [Maria enters 'Seminario' into The button Search, Maria types 'ENTER' in The button Search]], Then print the offers available [Then answer]]]
[Test worker] WARN net.thucydides.core.steps.BaseStepListener - Final testOutcomes: [Sophos jobs platform:Example: {type=Java} [Given Maria wants to know about the job offers on the Sophos page [Maria open up page [Maria opens the Sophos open up page], Maria work with us button [Maria clicks on Popup, Maria clicks on The button Work with us]], When she search for available offers of Java [Maria search [Maria enters 'Java' into The button Search, Maria types 'ENTER' in The button Search]], Then print the offers available [Then answer]], Example: {type=Scala} [Given Maria wants to know about the job offers on the Sophos page [Maria open up page [Maria opens the Sophos open up page], Maria work with us button [Maria clicks on Popup, Maria clicks on The button Work with us]], When she search for available offers of Scala [Maria search [Maria enters 'Scala' into The button Search, Maria types 'ENTER' in The button Search]], Then print the offers available [Then answer]], Example: {type=Seminario} [Given Maria wants to know about the job offers on the Sophos page [Maria open up page [Maria opens the Sophos open up page], Maria work with us button [Maria clicks on Popup, Maria clicks on The button Work with us]], When she search for available offers of Seminario [Maria search [Maria enters 'Seminario' into The button Search, Maria types 'ENTER' in The button Search]], Then print the offers available [Then answer]]]
[Test worker] INFO net.thucydides.core.steps.ConsoleLoggingListener - 
        __    _____ _____ ____ _____   ____   _    ____  ____  _____ ____  
  _     \ \  |_   _| ____/ ___|_   _| |  _ \ / \  / ___|/ ___|| ____|  _ \ 
 (_)_____| |   | | |  _| \___ \ | |   | |_) / _ \ \___ \\___ \|  _| | | | |
  _|_____| |   | | | |___ ___) || |   |  __/ ___ \ ___) |___) | |___| |_| |
 (_)     | |   |_| |_____|____/ |_|   |_| /_/   \_\____/|____/|_____|____/ 
        /_/                                                                

TEST PASSED: Sophos jobs platform
----------------------------------------------------------------------------
]]></system-err>
</testsuite>
